#
# There is insufficient memory for the Java Runtime Environment to continue.
# Native memory allocation (mmap) failed to map 100663296 bytes for G1 virtual space
# Possible reasons:
#   The system is out of physical RAM or swap space
#   The process is running with CompressedOops enabled, and the Java Heap may be blocking the growth of the native heap
# Possible solutions:
#   Reduce memory load on the system
#   Increase physical memory or swap space
#   Check if swap backing store is full
#   Decrease Java heap size (-Xmx/-Xms)
#   Decrease number of Java threads
#   Decrease Java thread stack sizes (-Xss)
#   Set larger code cache with -XX:ReservedCodeCacheSize=
#   JVM is running with Unscaled Compressed Oops mode in which the Java heap is
#     placed in the first 4GB address space. The Java Heap base address is the
#     maximum limit for the native heap growth. Please use -XX:HeapBaseMinAddress
#     to set the Java Heap base and to place the Java Heap above 4GB virtual address.
# This output file may be truncated or incomplete.
#
#  Out of Memory Error (os_windows.cpp:3548), pid=20516, tid=22220
#
# JRE version:  (17.0.12+8) (build )
# Java VM: Java HotSpot(TM) 64-Bit Server VM (17.0.12+8-LTS-286, mixed mode, sharing, tiered, compressed oops, compressed class ptrs, g1 gc, windows-amd64)
# No core dump will be written. Minidumps are not enabled by default on client versions of Windows
#

---------------  S U M M A R Y ------------

Command Line: -Dfile.encoding=UTF-8 --module-path=C:\Users\HP\Documents\NetBeansProjects\BankManagementSystem\build\classes bankmanagementsystem.SignupThree

Host: Intel(R) Core(TM) i5-3210M CPU @ 2.50GHz, 4 cores, 5G,  Windows 10 , 64 bit Build 19041 (10.0.19041.4957)
Time: Mon Oct 21 21:42:48 2024 Bangladesh Standard Time elapsed time: 0.014064 seconds (0d 0h 0m 0s)

---------------  T H R E A D  ---------------

Current thread (0x000001636ddc48f0):  JavaThread "Unknown thread" [_thread_in_vm, id=22220, stack(0x0000002027800000,0x0000002027900000)]

Stack: [0x0000002027800000,0x0000002027900000]
Native frames: (J=compiled Java code, j=interpreted, Vv=VM code, C=native code)
V  [jvm.dll+0x67a04a]
V  [jvm.dll+0x7da4ed]
V  [jvm.dll+0x7dbe33]
V  [jvm.dll+0x7dc4a3]
V  [jvm.dll+0x24508f]
V  [jvm.dll+0x677089]
V  [jvm.dll+0x66bd32]
V  [jvm.dll+0x301fa6]
V  [jvm.dll+0x309546]
V  [jvm.dll+0x359d2e]
V  [jvm.dll+0x359f5f]
V  [jvm.dll+0x2d9078]
V  [jvm.dll+0x2d9fe4]
V  [jvm.dll+0x7aca21]
V  [jvm.dll+0x367591]
V  [jvm.dll+0x78b999]
V  [jvm.dll+0x3ec83f]
V  [jvm.dll+0x3ee471]
C  [jli.dll+0x5297]
C  [ucrtbase.dll+0x21bb2]
C  [KERNEL32.DLL+0x17374]
C  [ntdll.dll+0x4cc91]


---------------  P R O C E S S  ---------------

Threads class SMR info:
_java_thread_list=0x00007ffe9b6b7a18, length=0, elements={
}

Java Threads: ( => current thread )

Other Threads:
  0x000001636de0ff00 GCTaskThread "GC Thread#0" [stack: 0x0000002027900000,0x0000002027a00000] [id=22024]
  0x000001636de1ea80 ConcurrentGCThread "G1 Main Marker" [stack: 0x0000002027a00000,0x0000002027b00000] [id=22184]
  0x000001636de1fb40 ConcurrentGCThread "G1 Conc#0" [stack: 0x0000002027b00000,0x0000002027c00000] [id=9184]

[error occurred during error reporting (printing all threads), id 0xc0000005, EXCEPTION_ACCESS_VIOLATION (0xc0000005) at pc=0x00007ffe9aee9b67]

VM state: not at safepoint (not fully initialized)

VM Mutex/Monitor currently owned by a thread:  ([mutex/lock_event])
[0x000001636ddc1540] Heap_lock - owner thread: 0x000001636ddc48f0

Heap address: 0x00000000a1800000, size: 1512 MB, Compressed Oops mode: 32-bit

CDS archive(s) mapped at: [0x0000000000000000-0x0000000000000000-0x0000000000000000), size 0, SharedBaseAddress: 0x0000000800000000, ArchiveRelocationMode: 1.
Narrow klass base: 0x0000000000000000, Narrow klass shift: 0, Narrow klass range: 0x0

GC Precious Log:
<Empty>

Heap:
 garbage-first heap   total 0K, used 0K [0x00000000a1800000, 0x0000000100000000)
  region size 1024K, 0 young (0K), 0 survivors (0K)

[error occurred during error reporting (printing heap information), id 0xc0000005, EXCEPTION_ACCESS_VIOLATION (0xc0000005) at pc=0x00007ffe9b2d3859]

GC Heap History (0 events):
No events

Deoptimization events (0 events):
No events

Classes unloaded (0 events):
No events

Classes redefined (0 events):
No events

Internal exceptions (0 events):
No events

VM Operations (0 events):
No events

Events (1 events):
Event: 0.008 Loaded shared library C:\Program Files\Java\jdk-17\bin\java.dll


Dynamic libraries:
0x00007ff7d4d30000 - 0x00007ff7d4d40000 	C:\Program Files\Java\jdk-17\bin\java.exe
0x00007fff25170000 - 0x00007fff25368000 	C:\Windows\SYSTEM32\ntdll.dll
0x00007fff23720000 - 0x00007fff237e2000 	C:\Windows\System32\KERNEL32.DLL
0x00007fff22dd0000 - 0x00007fff230ce000 	C:\Windows\System32\KERNELBASE.dll
0x00007fff22ac0000 - 0x00007fff22bc0000 	C:\Windows\System32\ucrtbase.dll
0x00007fff18820000 - 0x00007fff1883b000 	C:\Program Files\Java\jdk-17\bin\VCRUNTIME140.dll
0x00007fff18840000 - 0x00007fff18859000 	C:\Program Files\Java\jdk-17\bin\jli.dll
0x00007fff23940000 - 0x00007fff239f2000 	C:\Windows\System32\ADVAPI32.dll
0x00007fff237f0000 - 0x00007fff2388e000 	C:\Windows\System32\msvcrt.dll
0x00007fff23c10000 - 0x00007fff23cb0000 	C:\Windows\System32\sechost.dll
0x00007fff23ad0000 - 0x00007fff23bf3000 	C:\Windows\System32\RPCRT4.dll
0x00007fff22960000 - 0x00007fff22987000 	C:\Windows\System32\bcrypt.dll
0x00007fff24f60000 - 0x00007fff250fd000 	C:\Windows\System32\USER32.dll
0x00007fff22930000 - 0x00007fff22952000 	C:\Windows\System32\win32u.dll
0x00007fff153a0000 - 0x00007fff1563a000 	C:\Windows\WinSxS\amd64_microsoft.windows.common-controls_6595b64144ccf1df_6.0.19041.4355_none_60b8b9eb71f62e16\COMCTL32.dll
0x00007fff23690000 - 0x00007fff236bb000 	C:\Windows\System32\GDI32.dll
0x00007fff22810000 - 0x00007fff22927000 	C:\Windows\System32\gdi32full.dll
0x00007fff22a20000 - 0x00007fff22abd000 	C:\Windows\System32\msvcp_win.dll
0x00007fff14cf0000 - 0x00007fff14cfa000 	C:\Windows\SYSTEM32\VERSION.dll
0x00007fff25100000 - 0x00007fff2512f000 	C:\Windows\System32\IMM32.DLL
0x00007fff18810000 - 0x00007fff1881c000 	C:\Program Files\Java\jdk-17\bin\vcruntime140_1.dll
0x00007fff18780000 - 0x00007fff1880e000 	C:\Program Files\Java\jdk-17\bin\msvcp140.dll
0x00007ffe9ac00000 - 0x00007ffe9b7e0000 	C:\Program Files\Java\jdk-17\bin\server\jvm.dll
0x00007fff24930000 - 0x00007fff24938000 	C:\Windows\System32\PSAPI.DLL
0x00007fff18b90000 - 0x00007fff18b99000 	C:\Windows\SYSTEM32\WSOCK32.dll
0x00007fff24dc0000 - 0x00007fff24e2b000 	C:\Windows\System32\WS2_32.dll
0x00007fff10af0000 - 0x00007fff10b17000 	C:\Windows\SYSTEM32\WINMM.dll
0x00007fff20690000 - 0x00007fff206a2000 	C:\Windows\SYSTEM32\kernel.appcore.dll
0x00007fff18770000 - 0x00007fff1877a000 	C:\Program Files\Java\jdk-17\bin\jimage.dll
0x00007fff13670000 - 0x00007fff13854000 	C:\Windows\SYSTEM32\DBGHELP.DLL
0x00007fff13470000 - 0x00007fff134a4000 	C:\Windows\SYSTEM32\dbgcore.DLL
0x00007fff22990000 - 0x00007fff22a12000 	C:\Windows\System32\bcryptPrimitives.dll
0x00007fff18740000 - 0x00007fff18765000 	C:\Program Files\Java\jdk-17\bin\java.dll

dbghelp: loaded successfully - version: 4.0.5 - missing functions: none
symbol engine: initialized successfully - sym options: 0x614 - pdb path: .;C:\Program Files\Java\jdk-17\bin;C:\Windows\SYSTEM32;C:\Windows\WinSxS\amd64_microsoft.windows.common-controls_6595b64144ccf1df_6.0.19041.4355_none_60b8b9eb71f62e16;C:\Program Files\Java\jdk-17\bin\server

VM Arguments:
jvm_args: -Dfile.encoding=UTF-8 --module-path=C:\Users\HP\Documents\NetBeansProjects\BankManagementSystem\build\classes 
java_command: bankmanagementsystem.SignupThree
java_class_path (initial): C:\Users\HP\Downloads\jcalendar-tz-1.3.3-4.jar;C:\Users\HP\Downloads\mysql-connector-java-8.0.28.jar;C:\Users\HP\Documents\NetBeansProjects\BankManagementSystem\build\classes
Launcher Type: SUN_STANDARD

[Global flags]
     intx CICompilerCount                          = 3                                         {product} {ergonomic}
     uint ConcGCThreads                            = 1                                         {product} {ergonomic}
     uint G1ConcRefinementThreads                  = 4                                         {product} {ergonomic}
   size_t G1HeapRegionSize                         = 1048576                                   {product} {ergonomic}
    uintx GCDrainStackTargetSize                   = 64                                        {product} {ergonomic}
   size_t InitialHeapSize                          = 100663296                                 {product} {ergonomic}
   size_t MarkStackSize                            = 4194304                                   {product} {ergonomic}
   size_t MaxHeapSize                              = 1585446912                                {product} {ergonomic}
   size_t MinHeapDeltaBytes                        = 1048576                                   {product} {ergonomic}
   size_t MinHeapSize                              = 8388608                                   {product} {ergonomic}
    uintx NonNMethodCodeHeapSize                   = 5832780                                {pd product} {ergonomic}
    uintx NonProfiledCodeHeapSize                  = 122912730                              {pd product} {ergonomic}
    uintx ProfiledCodeHeapSize                     = 122912730                              {pd product} {ergonomic}
    uintx ReservedCodeCacheSize                    = 251658240                              {pd product} {ergonomic}
     bool SegmentedCodeCache                       = true                                      {product} {ergonomic}
   size_t SoftMaxHeapSize                          = 1585446912                             {manageable} {ergonomic}
     bool UseCompressedClassPointers               = true                           {product lp64_product} {ergonomic}
     bool UseCompressedOops                        = true                           {product lp64_product} {ergonomic}
     bool UseG1GC                                  = true                                      {product} {ergonomic}
     bool UseLargePagesIndividualAllocation        = false                                  {pd product} {ergonomic}

Logging:
Log output configuration:
 #0: stdout all=warning uptime,level,tags
 #1: stderr all=off uptime,level,tags

Environment Variables:
PATH=C:\Program Files\Python313\Scripts\;C:\Program Files\Python313\;C:\Program Files\Common Files\Oracle\Java\javapath;C:\Windows\system32;C:\Windows;C:\Windows\System32\Wbem;C:\Windows\System32\WindowsPowerShell\v1.0\;C:\Windows\System32\OpenSSH\;C:\Program Files\Java\jdk-17\bin;C:\Program Files\MySQL\MySQL Shell 8.0\bin\;C:\Users\HP\AppData\Local\Programs\Python\Python312\Scripts\;C:\Users\HP\AppData\Local\Programs\Python\Python312\;C:\Users\HP\AppData\Local\Programs\Python\Launcher\;C:\Users\HP\AppData\Local\Microsoft\WindowsApps;C:\Users\HP\AppData\Local\Programs\Microsoft VS Code\bin
USERNAME=HP
OS=Windows_NT
PROCESSOR_IDENTIFIER=Intel64 Family 6 Model 58 Stepping 9, GenuineIntel



---------------  S Y S T E M  ---------------

OS:
 Windows 10 , 64 bit Build 19041 (10.0.19041.4957)
OS uptime: 1 days 3:54 hours

CPU: total 4 (initial active 4) (2 cores per cpu, 2 threads per core) family 6 model 58 stepping 9 microcode 0x21, cx8, cmov, fxsr, ht, mmx, sse, sse2, sse3, ssse3, sse4.1, sse4.2, popcnt, tsc, tscinvbit, avx, aes, erms, clmul, vzeroupper, clflush

Memory: 4k page, system-wide physical 6042M (596M free)
TotalPageFile size 21235M (AvailPageFile size 67M)
current process WorkingSet (physical memory assigned to process): 10M, peak: 10M
current process commit charge ("private bytes"): 51M, peak: 147M

vm_info: Java HotSpot(TM) 64-Bit Server VM (17.0.12+8-LTS-286) for windows-amd64 JRE (17.0.12+8-LTS-286), built on Jun  5 2024 06:46:59 by "mach5one" with MS VC++ 17.6 (VS2022)

END.
